e:\c-lisp\build\src\c-lisp.dir\debug\vc143.pdb
e:\c-lisp\build\src\c-lisp.dir\debug\main.obj
e:\c-lisp\build\src\cmakefiles\generate.stamp
e:\c-lisp\build\src\debug\c-lisp.pdb
e:\c-lisp\build\src\c-lisp.dir\debug\c-lisp.tlog\cl.command.1.tlog
e:\c-lisp\build\src\c-lisp.dir\debug\c-lisp.tlog\cl.read.1.tlog
e:\c-lisp\build\src\c-lisp.dir\debug\c-lisp.tlog\cl.write.1.tlog
e:\c-lisp\build\src\c-lisp.dir\debug\c-lisp.tlog\custombuild.command.1.tlog
e:\c-lisp\build\src\c-lisp.dir\debug\c-lisp.tlog\custombuild.read.1.tlog
e:\c-lisp\build\src\c-lisp.dir\debug\c-lisp.tlog\custombuild.write.1.tlog
e:\c-lisp\build\src\c-lisp.dir\debug\c-lisp.tlog\link-cvtres.read.1.tlog
e:\c-lisp\build\src\c-lisp.dir\debug\c-lisp.tlog\link-cvtres.write.1.tlog
e:\c-lisp\build\src\c-lisp.dir\debug\c-lisp.tlog\link-rc.read.1.tlog
e:\c-lisp\build\src\c-lisp.dir\debug\c-lisp.tlog\link-rc.write.1.tlog
e:\c-lisp\build\src\c-lisp.dir\debug\c-lisp.tlog\link.command.1.tlog
e:\c-lisp\build\src\c-lisp.dir\debug\c-lisp.tlog\link.read.1.tlog
e:\c-lisp\build\src\c-lisp.dir\debug\c-lisp.tlog\link.read.2.tlog
e:\c-lisp\build\src\c-lisp.dir\debug\c-lisp.tlog\link.read.3.tlog
e:\c-lisp\build\src\c-lisp.dir\debug\c-lisp.tlog\link.read.4.tlog
e:\c-lisp\build\src\c-lisp.dir\debug\c-lisp.tlog\link.write.1.tlog
